[
{"name":"tests/test_pnt.nim C","category":"tests","target":"C","action":"run","result":"reNimcCrash","expected":"","given":"$ /home/jose/.nimble/bin/nim c --hints:on -d:testing --nimblePath:tests/deps --nimCache:nimcache/tests/test_pnt.nim_0d61f8370cad1d412f80b84d143e1257 tests/test_pnt.nim\nHint: used config file '/home/jose/.choosenim/toolchains/nim-1.4.8/config/nim.cfg' [Conf]\nHint: used config file '/home/jose/.choosenim/toolchains/nim-1.4.8/config/config.nims' [Conf]\nHint: used config file '/home/jose/src/occt.nim/tests/nim.cfg' [Conf]\n...............................\n/home/jose/src/occt.nim/src/Standard/standard.nim(4, 65) Warning: pragma before generic parameter list is deprecated [Deprecated]\n/home/jose/src/occt.nim/src/Standard/standard.nim(244, 63) Warning: pragma before generic parameter list is deprecated [Deprecated]\n/home/jose/src/occt.nim/src/Standard/standard.nim(250, 69) Warning: pragma before generic parameter list is deprecated [Deprecated]\n/home/jose/src/occt.nim/src/Standard/standard.nim(252, 59) Warning: pragma before generic parameter list is deprecated [Deprecated]\n/home/jose/src/occt.nim/src/Standard/standard.nim(254, 57) Warning: pragma before generic parameter list is deprecated [Deprecated]\n/home/jose/src/occt.nim/src/Standard/standard.nim(256, 65) Warning: pragma before generic parameter list is deprecated [Deprecated]\n/home/jose/src/occt.nim/src/Standard/standard.nim(258, 86) Warning: pragma before generic parameter list is deprecated [Deprecated]\n/home/jose/src/occt.nim/src/Standard/standard.nim(260, 82) Warning: pragma before generic parameter list is deprecated [Deprecated]\n..\n/home/jose/src/occt.nim/src/gp/gp_types.nim(430, 75) Warning: pragma before generic parameter list is deprecated [Deprecated]\n...........\n/home/jose/src/occt.nim/src/BRep/BRep_types.nim(129, 72) Warning: pragma before generic parameter list is deprecated [Deprecated]\n..\n/home/jose/src/occt.nim/src/TopoDS/topods_types.nim(259, 93) Warning: pragma before generic parameter list is deprecated [Deprecated]\n.............\n/home/jose/src/occt.nim/src/BRepFilletAPI/BRepFilletAPI_LocalOperation.nim(11, 7) Hint: 'headerBrepfilletapilocaloperation' is declared but not used [XDeclaredButNotUsed]\n.............................\n/home/jose/src/occt.nim/tests/test_pnt.nim(15, 11) Hint: 'p2' is declared but not used [XDeclaredButNotUsed]\n/home/jose/src/occt.nim/tests/test_pnt.nim(15, 11) Hint: 'p2' is declared but not used [XDeclaredButNotUsed]\n/home/jose/src/occt.nim/tests/test_pnt.nim(14, 11) Hint: 'p1' is declared but not used [XDeclaredButNotUsed]\n/home/jose/src/occt.nim/tests/test_pnt.nim(15, 11) Hint: 'p2' is declared but not used [XDeclaredButNotUsed]\n/home/jose/src/occt.nim/tests/test_pnt.nim(15, 11) Hint: 'p2' is declared but not used [XDeclaredButNotUsed]\n/home/jose/src/occt.nim/tests/test_pnt.nim(14, 11) Hint: 'p1' is declared but not used [XDeclaredButNotUsed]\n/home/jose/src/occt.nim/tests/test_pnt.nim(15, 11) Hint: 'p2' is declared but not used [XDeclaredButNotUsed]\n/home/jose/src/occt.nim/tests/test_pnt.nim(14, 11) Hint: 'p1' is declared but not used [XDeclaredButNotUsed]\n/home/jose/src/occt.nim/tests/test_pnt.nim(14, 11) Hint: 'p1' is declared but not used [XDeclaredButNotUsed]\n/home/jose/src/occt.nim/tests/test_pnt.nim(15, 11) Hint: 'p2' is declared but not used [XDeclaredButNotUsed]\nCC: stdlib_assertions.nim\nCC: stdlib_formatfloat.nim\nCC: stdlib_io.nim\nCC: stdlib_system.nim\nCC: stdlib_exitprocs.nim\nCC: stdlib_parseutils.nim\nCC: stdlib_math.nim\nCC: stdlib_unicode.nim\nCC: stdlib_strutils.nim\nCC: stdlib_streams.nim\nCC: stdlib_times.nim\nCC: stdlib_hashes.nim\nCC: stdlib_sets.nim\nCC: stdlib_os.nim\nCC: stdlib_strformat.nim\nCC: stdlib_terminal.nim\nCC: stdlib_unittest.nim\nCC: ../src/gp/gp.nim\nCC: test_pnt.nim\nEn el fichero incluido desde /usr/include/opencascade/Standard_Integer.hxx:18,\n                 desde /usr/include/opencascade/Standard_Address.hxx:18,\n                 desde /usr/include/opencascade/Standard.hxx:21,\n                 desde /usr/include/opencascade/gp_Pnt.hxx:18,\n                 desde /home/jose/src/occt.nim/nimcache/tests/test_pnt.nim_0d61f8370cad1d412f80b84d143e1257/@m..@ssrc@sgp@sgp.nim.c:12:\n/usr/include/opencascade/Standard_Std.hxx:20:10: error fatal: type_traits: No existe el fichero o el directorio\n   20 | #include <type_traits>\n      |          ^~~~~~~~~~~~~\ncompilación terminada.\nEn el fichero incluido desde /usr/include/opencascade/Standard_Integer.hxx:18,\n                 desde /usr/include/opencascade/Standard_Address.hxx:18,\n                 desde /usr/include/opencascade/Standard.hxx:21,\n                 desde /usr/include/opencascade/gp_Pnt.hxx:18,\n                 desde /home/jose/src/occt.nim/nimcache/tests/test_pnt.nim_0d61f8370cad1d412f80b84d143e1257/@mtest_pnt.nim.c:13:\n/usr/include/opencascade/Standard_Std.hxx:20:10: error fatal: type_traits: No existe el fichero o el directorio\n   20 | #include <type_traits>\n      |          ^~~~~~~~~~~~~\ncompilación terminada.\nError: execution of an external compiler program 'gcc -c  -w -fmax-errors=3 -I/usr/include/opencascade -I/usr/include/osg   -I/home/jose/.choosenim/toolchains/nim-1.4.8/lib -I/home/jose/src/occt.nim/tests -o /home/jose/src/occt.nim/nimcache/tests/test_pnt.nim_0d61f8370cad1d412f80b84d143e1257/@m..@ssrc@sgp@sgp.nim.c.o /home/jose/src/occt.nim/nimcache/tests/test_pnt.nim_0d61f8370cad1d412f80b84d143e1257/@m..@ssrc@sgp@sgp.nim.c' failed with exit code: 1\n\n\n","machine":"/bin/sh: línea 1: hostname: orden no encontrada","commit":"864a7b97365","branch":"main"}]
